2016-11-12 13:33:19,180 [main] INFO  org.mule.module.launcher.application.DefaultMuleApplication - 
++++++++++++++++++++++++++++++++++++++++++++++++++++++++++++
+ Initializing app 'prueba'                                +
++++++++++++++++++++++++++++++++++++++++++++++++++++++++++++
2016-11-12 13:33:19,685 [main] INFO  org.mule.lifecycle.AbstractLifecycleManager - Initialising RegistryBroker
2016-11-12 13:33:19,925 [main] INFO  org.mule.module.extension.internal.manager.DefaultExtensionManager - Starting discovery of extensions
2016-11-12 13:33:20,231 [main] INFO  org.mule.module.extension.internal.manager.DefaultExtensionManager - Discovered 1 extensions
2016-11-12 13:33:20,231 [main] INFO  org.mule.module.extension.internal.manager.DefaultExtensionManager - Registering extension validation (version 3.8)
2016-11-12 13:33:20,371 [main] INFO  org.mule.config.spring.MuleArtifactContext - Refreshing org.mule.config.spring.MuleArtifactContext@1307458: startup date [Sat Nov 12 13:33:20 GMT-03:00 2016]; root of context hierarchy
2016-11-12 13:33:22,609 [main] INFO  org.mule.config.spring.processors.NoDevkitInjectorProcessor - JSR-330 'javax.inject.Inject' annotation found and supported for autowiring
2016-11-12 13:33:24,688 [main] WARN  org.mule.module.ognl.expression.OgnlExpressionEvaluator - OGNL module is deprecated and will be removed in Mule 4.0. Use MEL expressions instead.
2016-11-12 13:33:25,040 [main] INFO  org.mule.util.journal.TransactionJournal - Using files for tx logs C:\Users\javier\Desktop\Midd\middleware-2016\NuevoTicketInco\.mule\.\.mule\prueba\queue-tx-log\tx1.log and C:\Users\javier\Desktop\Midd\middleware-2016\NuevoTicketInco\.mule\.\.mule\prueba\queue-tx-log\tx2.log
2016-11-12 13:33:25,080 [main] INFO  org.mule.util.journal.TransactionJournal - Using files for tx logs C:\Users\javier\Desktop\Midd\middleware-2016\NuevoTicketInco\.mule\.\.mule\prueba\queue-xa-tx-log\tx1.log and C:\Users\javier\Desktop\Midd\middleware-2016\NuevoTicketInco\.mule\.\.mule\prueba\queue-xa-tx-log\tx2.log
2016-11-12 13:33:25,324 [main] INFO  org.mule.lifecycle.AbstractLifecycleManager - Initialising model: _muleSystemModel
2016-11-12 13:33:26,104 [main] INFO  org.mule.config.spring.SpringXmlConfigurationBuilder - Configured Mule using "org.mule.config.spring.SpringXmlConfigurationBuilder" with configuration resource(s): "[ConfigResource{resourceName='C:\Users\javier\Desktop\Midd\middleware-2016\NuevoTicketInco\.mule\apps\prueba\prueba.xml'}]"
2016-11-12 13:33:26,104 [main] INFO  org.mule.config.builders.AutoConfigurationBuilder - Configured Mule using "org.mule.config.builders.AutoConfigurationBuilder" with configuration resource(s): "[ConfigResource{resourceName='C:\Users\javier\Desktop\Midd\middleware-2016\NuevoTicketInco\.mule\apps\prueba\prueba.xml'}]"
2016-11-12 13:33:29,184 [main] INFO  org.mule.module.launcher.application.DefaultMuleApplication - 
++++++++++++++++++++++++++++++++++++++++++++++++++++++++++++
+ Starting app 'prueba'                                    +
++++++++++++++++++++++++++++++++++++++++++++++++++++++++++++
2016-11-12 13:33:29,184 [main] INFO  org.mule.util.queue.QueueXaResourceManager - Starting ResourceManager
2016-11-12 13:33:29,184 [main] INFO  org.mule.util.queue.QueueXaResourceManager - Started ResourceManager
2016-11-12 13:33:29,235 [main] INFO  org.mule.modules.oauth2.provider.agents.DefaultSplashScreenAgent - 
++++++++++++++++++++++++++++++++++++++++++++++++++++++++++++++++++++++++++++++++
+ DevKit Extensions (0) used in this application 
                             +
++++++++++++++++++++++++++++++++++++++++++++++++++++++++++++++++++++++++++++++++
2016-11-12 13:33:29,235 [main] INFO  org.mule.lifecycle.AbstractLifecycleManager - Starting model: _muleSystemModel
2016-11-12 13:33:29,347 [main] INFO  org.mule.module.management.agent.WrapperManagerAgent - This JVM hasn't been launched by the wrapper, the agent will not run.
2016-11-12 13:33:29,439 [main] INFO  org.mule.DefaultMuleContext - 
**********************************************************************
* Application: prueba                                                *
* OS encoding: \, Mule encoding: UTF-8                               *
*                                                                    *
* Agents Running:                                                    *
*   DevKit Extension Information                                     *
*   JMX Agent                                                        *
*   Batch module default engine                                      *
*   Wrapper Manager                                                  *
**********************************************************************
